CRITICAL - 2023-05-01 03:07:36 --> Undefined variable $username
in APPPATH/Views/user_profile.php on line 8.
 1 APPPATH/Views/user_profile.php(8): CodeIgniter\Debug\Exceptions->errorHandler()
 2 SYSTEMPATH/View/View.php(213): include('APPPATH/Views/user_profile.php')
 3 SYSTEMPATH/View/View.php(216): CodeIgniter\View\View->CodeIgniter\View\{closure}()
 4 SYSTEMPATH/Common.php(1184): CodeIgniter\View\View->render()
 5 APPPATH/Controllers/User_home.php(33): view()
 6 SYSTEMPATH/CodeIgniter.php(934): App\Controllers\User_home->view_profile()
 7 SYSTEMPATH/CodeIgniter.php(499): CodeIgniter\CodeIgniter->runController()
 8 SYSTEMPATH/CodeIgniter.php(368): CodeIgniter\CodeIgniter->handleRequest()
 9 FCPATH/index.php(67): CodeIgniter\CodeIgniter->run()
CRITICAL - 2023-05-01 03:08:04 --> Undefined variable $username
in APPPATH/Views/user_profile.php on line 8.
 1 APPPATH/Views/user_profile.php(8): CodeIgniter\Debug\Exceptions->errorHandler()
 2 SYSTEMPATH/View/View.php(213): include('APPPATH/Views/user_profile.php')
 3 SYSTEMPATH/View/View.php(216): CodeIgniter\View\View->CodeIgniter\View\{closure}()
 4 SYSTEMPATH/Common.php(1184): CodeIgniter\View\View->render()
 5 APPPATH/Controllers/User_home.php(33): view()
 6 SYSTEMPATH/CodeIgniter.php(934): App\Controllers\User_home->view_profile()
 7 SYSTEMPATH/CodeIgniter.php(499): CodeIgniter\CodeIgniter->runController()
 8 SYSTEMPATH/CodeIgniter.php(368): CodeIgniter\CodeIgniter->handleRequest()
 9 FCPATH/index.php(67): CodeIgniter\CodeIgniter->run()
CRITICAL - 2023-05-01 05:05:25 --> Undefined variable $Email
in APPPATH/Views/edit_profile.php on line 13.
 1 APPPATH/Views/edit_profile.php(13): CodeIgniter\Debug\Exceptions->errorHandler()
 2 SYSTEMPATH/View/View.php(213): include('APPPATH/Views/edit_profile.php')
 3 SYSTEMPATH/View/View.php(216): CodeIgniter\View\View->CodeIgniter\View\{closure}()
 4 SYSTEMPATH/Common.php(1184): CodeIgniter\View\View->render()
 5 APPPATH/Controllers/Edit_profile.php(19): view()
 6 SYSTEMPATH/CodeIgniter.php(934): App\Controllers\Edit_profile->index()
 7 SYSTEMPATH/CodeIgniter.php(499): CodeIgniter\CodeIgniter->runController()
 8 SYSTEMPATH/CodeIgniter.php(368): CodeIgniter\CodeIgniter->handleRequest()
 9 FCPATH/index.php(67): CodeIgniter\CodeIgniter->run()
CRITICAL - 2023-05-01 05:12:16 --> Undefined variable $password
in APPPATH/Views/edit_profile.php on line 19.
 1 APPPATH/Views/edit_profile.php(19): CodeIgniter\Debug\Exceptions->errorHandler()
 2 SYSTEMPATH/View/View.php(213): include('APPPATH/Views/edit_profile.php')
 3 SYSTEMPATH/View/View.php(216): CodeIgniter\View\View->CodeIgniter\View\{closure}()
 4 SYSTEMPATH/Common.php(1184): CodeIgniter\View\View->render()
 5 APPPATH/Controllers/Edit_profile.php(19): view()
 6 SYSTEMPATH/CodeIgniter.php(934): App\Controllers\Edit_profile->index()
 7 SYSTEMPATH/CodeIgniter.php(499): CodeIgniter\CodeIgniter->runController()
 8 SYSTEMPATH/CodeIgniter.php(368): CodeIgniter\CodeIgniter->handleRequest()
 9 FCPATH/index.php(67): CodeIgniter\CodeIgniter->run()
CRITICAL - 2023-05-01 05:13:00 --> Undefined variable $password
in APPPATH/Views/edit_profile.php on line 19.
 1 APPPATH/Views/edit_profile.php(19): CodeIgniter\Debug\Exceptions->errorHandler()
 2 SYSTEMPATH/View/View.php(213): include('APPPATH/Views/edit_profile.php')
 3 SYSTEMPATH/View/View.php(216): CodeIgniter\View\View->CodeIgniter\View\{closure}()
 4 SYSTEMPATH/Common.php(1184): CodeIgniter\View\View->render()
 5 APPPATH/Controllers/Edit_profile.php(19): view()
 6 SYSTEMPATH/CodeIgniter.php(934): App\Controllers\Edit_profile->index()
 7 SYSTEMPATH/CodeIgniter.php(499): CodeIgniter\CodeIgniter->runController()
 8 SYSTEMPATH/CodeIgniter.php(368): CodeIgniter\CodeIgniter->handleRequest()
 9 FCPATH/index.php(67): CodeIgniter\CodeIgniter->run()
CRITICAL - 2023-05-01 05:13:11 --> Undefined variable $password
in APPPATH/Views/edit_profile.php on line 19.
 1 APPPATH/Views/edit_profile.php(19): CodeIgniter\Debug\Exceptions->errorHandler()
 2 SYSTEMPATH/View/View.php(213): include('APPPATH/Views/edit_profile.php')
 3 SYSTEMPATH/View/View.php(216): CodeIgniter\View\View->CodeIgniter\View\{closure}()
 4 SYSTEMPATH/Common.php(1184): CodeIgniter\View\View->render()
 5 APPPATH/Controllers/Edit_profile.php(19): view()
 6 SYSTEMPATH/CodeIgniter.php(934): App\Controllers\Edit_profile->index()
 7 SYSTEMPATH/CodeIgniter.php(499): CodeIgniter\CodeIgniter->runController()
 8 SYSTEMPATH/CodeIgniter.php(368): CodeIgniter\CodeIgniter->handleRequest()
 9 FCPATH/index.php(67): CodeIgniter\CodeIgniter->run()
CRITICAL - 2023-05-01 05:14:27 --> Undefined variable $password
in APPPATH/Views/edit_profile.php on line 19.
 1 APPPATH/Views/edit_profile.php(19): CodeIgniter\Debug\Exceptions->errorHandler()
 2 SYSTEMPATH/View/View.php(213): include('APPPATH/Views/edit_profile.php')
 3 SYSTEMPATH/View/View.php(216): CodeIgniter\View\View->CodeIgniter\View\{closure}()
 4 SYSTEMPATH/Common.php(1184): CodeIgniter\View\View->render()
 5 APPPATH/Controllers/Edit_profile.php(19): view()
 6 SYSTEMPATH/CodeIgniter.php(934): App\Controllers\Edit_profile->index()
 7 SYSTEMPATH/CodeIgniter.php(499): CodeIgniter\CodeIgniter->runController()
 8 SYSTEMPATH/CodeIgniter.php(368): CodeIgniter\CodeIgniter->handleRequest()
 9 FCPATH/index.php(67): CodeIgniter\CodeIgniter->run()
CRITICAL - 2023-05-01 06:38:50 --> Undefined variable $username
in APPPATH/Views/edit_profile.php on line 10.
 1 APPPATH/Views/edit_profile.php(10): CodeIgniter\Debug\Exceptions->errorHandler()
 2 SYSTEMPATH/View/View.php(213): include('APPPATH/Views/edit_profile.php')
 3 SYSTEMPATH/View/View.php(216): CodeIgniter\View\View->CodeIgniter\View\{closure}()
 4 SYSTEMPATH/Common.php(1184): CodeIgniter\View\View->render()
 5 APPPATH/Controllers/Edit_profile.php(45): view()
 6 SYSTEMPATH/CodeIgniter.php(934): App\Controllers\Edit_profile->update()
 7 SYSTEMPATH/CodeIgniter.php(499): CodeIgniter\CodeIgniter->runController()
 8 SYSTEMPATH/CodeIgniter.php(368): CodeIgniter\CodeIgniter->handleRequest()
 9 FCPATH/index.php(67): CodeIgniter\CodeIgniter->run()
CRITICAL - 2023-05-01 10:54:58 --> Unmatched '}'
in APPPATH/Controllers/Edit_profile.php on line 105.
 1 SYSTEMPATH/Autoloader/Autoloader.php(289): CodeIgniter\Autoloader\Autoloader->includeFile()
 2 SYSTEMPATH/Autoloader/Autoloader.php(267): CodeIgniter\Autoloader\Autoloader->loadInNamespace()
 3 [internal function]: CodeIgniter\Autoloader\Autoloader->loadClass()
 4 SYSTEMPATH/CodeIgniter.php(892): class_exists()
 5 SYSTEMPATH/CodeIgniter.php(486): CodeIgniter\CodeIgniter->startController()
 6 SYSTEMPATH/CodeIgniter.php(368): CodeIgniter\CodeIgniter->handleRequest()
 7 FCPATH/index.php(67): CodeIgniter\CodeIgniter->run()
ERROR - 2023-05-01 13:06:12 --> Email: sendWithSmtp throwed ErrorException: fsockopen(): Unable to connect to smtp.gmail.com:578 (Connection timed out) in /var/www/htdocs/queryS/system/Email/Email.php:1863
Stack trace:
#0 [internal function]: CodeIgniter\Debug\Exceptions->errorHandler()
#1 /var/www/htdocs/queryS/system/Email/Email.php(1863): fsockopen()
#2 /var/www/htdocs/queryS/system/Email/Email.php(1782): CodeIgniter\Email\Email->SMTPConnect()
#3 /var/www/htdocs/queryS/system/Email/Email.php(1667): CodeIgniter\Email\Email->sendWithSmtp()
#4 /var/www/htdocs/queryS/system/Email/Email.php(1565): CodeIgniter\Email\Email->spoolEmail()
#5 /var/www/htdocs/queryS/app/Controllers/Signup.php(59): CodeIgniter\Email\Email->send()
#6 /var/www/htdocs/queryS/app/Controllers/Signup.php(37): App\Controllers\Signup->send_verification_email()
#7 /var/www/htdocs/queryS/system/CodeIgniter.php(934): App\Controllers\Signup->index()
#8 /var/www/htdocs/queryS/system/CodeIgniter.php(499): CodeIgniter\CodeIgniter->runController()
#9 /var/www/htdocs/queryS/system/CodeIgniter.php(368): CodeIgniter\CodeIgniter->handleRequest()
#10 /var/www/htdocs/queryS/public/index.php(67): CodeIgniter\CodeIgniter->run()
#11 {main}
ERROR - 2023-05-01 13:06:12 --> Email: Unable to send email using SMTP. Your server might not be configured to send mail using this method.
ERROR - 2023-05-01 13:06:12 --> 
ERROR - 2023-05-01 13:08:15 --> Email: sendWithSmtp throwed ErrorException: fsockopen(): Unable to connect to smtp.gmail.com:578 (Connection timed out) in /var/www/htdocs/queryS/system/Email/Email.php:1863
Stack trace:
#0 [internal function]: CodeIgniter\Debug\Exceptions->errorHandler()
#1 /var/www/htdocs/queryS/system/Email/Email.php(1863): fsockopen()
#2 /var/www/htdocs/queryS/system/Email/Email.php(1782): CodeIgniter\Email\Email->SMTPConnect()
#3 /var/www/htdocs/queryS/system/Email/Email.php(1667): CodeIgniter\Email\Email->sendWithSmtp()
#4 /var/www/htdocs/queryS/system/Email/Email.php(1565): CodeIgniter\Email\Email->spoolEmail()
#5 /var/www/htdocs/queryS/app/Controllers/Signup.php(59): CodeIgniter\Email\Email->send()
#6 /var/www/htdocs/queryS/app/Controllers/Signup.php(37): App\Controllers\Signup->send_verification_email()
#7 /var/www/htdocs/queryS/system/CodeIgniter.php(934): App\Controllers\Signup->index()
#8 /var/www/htdocs/queryS/system/CodeIgniter.php(499): CodeIgniter\CodeIgniter->runController()
#9 /var/www/htdocs/queryS/system/CodeIgniter.php(368): CodeIgniter\CodeIgniter->handleRequest()
#10 /var/www/htdocs/queryS/public/index.php(67): CodeIgniter\CodeIgniter->run()
#11 {main}
ERROR - 2023-05-01 13:08:15 --> Email: Unable to send email using SMTP. Your server might not be configured to send mail using this method.
ERROR - 2023-05-01 13:08:15 --> 
ERROR - 2023-05-01 13:10:18 --> Email: sendWithSmtp throwed ErrorException: fsockopen(): Unable to connect to smtp.gmail.com:578 (Connection timed out) in /var/www/htdocs/queryS/system/Email/Email.php:1863
Stack trace:
#0 [internal function]: CodeIgniter\Debug\Exceptions->errorHandler()
#1 /var/www/htdocs/queryS/system/Email/Email.php(1863): fsockopen()
#2 /var/www/htdocs/queryS/system/Email/Email.php(1782): CodeIgniter\Email\Email->SMTPConnect()
#3 /var/www/htdocs/queryS/system/Email/Email.php(1667): CodeIgniter\Email\Email->sendWithSmtp()
#4 /var/www/htdocs/queryS/system/Email/Email.php(1565): CodeIgniter\Email\Email->spoolEmail()
#5 /var/www/htdocs/queryS/app/Controllers/Signup.php(59): CodeIgniter\Email\Email->send()
#6 /var/www/htdocs/queryS/app/Controllers/Signup.php(37): App\Controllers\Signup->send_verification_email()
#7 /var/www/htdocs/queryS/system/CodeIgniter.php(934): App\Controllers\Signup->index()
#8 /var/www/htdocs/queryS/system/CodeIgniter.php(499): CodeIgniter\CodeIgniter->runController()
#9 /var/www/htdocs/queryS/system/CodeIgniter.php(368): CodeIgniter\CodeIgniter->handleRequest()
#10 /var/www/htdocs/queryS/public/index.php(67): CodeIgniter\CodeIgniter->run()
#11 {main}
ERROR - 2023-05-01 13:10:18 --> Email: Unable to send email using SMTP. Your server might not be configured to send mail using this method.
ERROR - 2023-05-01 13:10:18 --> 
ERROR - 2023-05-01 13:13:28 --> Email: sendWithSmtp throwed ErrorException: fsockopen(): Unable to connect to smtp.gmail.com:587 (Connection timed out) in /var/www/htdocs/queryS/system/Email/Email.php:1863
Stack trace:
#0 [internal function]: CodeIgniter\Debug\Exceptions->errorHandler()
#1 /var/www/htdocs/queryS/system/Email/Email.php(1863): fsockopen()
#2 /var/www/htdocs/queryS/system/Email/Email.php(1782): CodeIgniter\Email\Email->SMTPConnect()
#3 /var/www/htdocs/queryS/system/Email/Email.php(1667): CodeIgniter\Email\Email->sendWithSmtp()
#4 /var/www/htdocs/queryS/system/Email/Email.php(1565): CodeIgniter\Email\Email->spoolEmail()
#5 /var/www/htdocs/queryS/app/Controllers/Signup.php(59): CodeIgniter\Email\Email->send()
#6 /var/www/htdocs/queryS/app/Controllers/Signup.php(37): App\Controllers\Signup->send_verification_email()
#7 /var/www/htdocs/queryS/system/CodeIgniter.php(934): App\Controllers\Signup->index()
#8 /var/www/htdocs/queryS/system/CodeIgniter.php(499): CodeIgniter\CodeIgniter->runController()
#9 /var/www/htdocs/queryS/system/CodeIgniter.php(368): CodeIgniter\CodeIgniter->handleRequest()
#10 /var/www/htdocs/queryS/public/index.php(67): CodeIgniter\CodeIgniter->run()
#11 {main}
ERROR - 2023-05-01 13:13:28 --> Email: Unable to send email using SMTP. Your server might not be configured to send mail using this method.
ERROR - 2023-05-01 13:13:28 --> 
ERROR - 2023-05-01 13:16:36 --> Email: sendWithSmtp throwed ErrorException: fsockopen(): Unable to connect to smtp.gmail.com:587 (Connection timed out) in /var/www/htdocs/queryS/system/Email/Email.php:1863
Stack trace:
#0 [internal function]: CodeIgniter\Debug\Exceptions->errorHandler()
#1 /var/www/htdocs/queryS/system/Email/Email.php(1863): fsockopen()
#2 /var/www/htdocs/queryS/system/Email/Email.php(1782): CodeIgniter\Email\Email->SMTPConnect()
#3 /var/www/htdocs/queryS/system/Email/Email.php(1667): CodeIgniter\Email\Email->sendWithSmtp()
#4 /var/www/htdocs/queryS/system/Email/Email.php(1565): CodeIgniter\Email\Email->spoolEmail()
#5 /var/www/htdocs/queryS/app/Controllers/Signup.php(59): CodeIgniter\Email\Email->send()
#6 /var/www/htdocs/queryS/app/Controllers/Signup.php(37): App\Controllers\Signup->send_verification_email()
#7 /var/www/htdocs/queryS/system/CodeIgniter.php(934): App\Controllers\Signup->index()
#8 /var/www/htdocs/queryS/system/CodeIgniter.php(499): CodeIgniter\CodeIgniter->runController()
#9 /var/www/htdocs/queryS/system/CodeIgniter.php(368): CodeIgniter\CodeIgniter->handleRequest()
#10 /var/www/htdocs/queryS/public/index.php(67): CodeIgniter\CodeIgniter->run()
#11 {main}
ERROR - 2023-05-01 13:16:36 --> Email: Unable to send email using SMTP. Your server might not be configured to send mail using this method.
ERROR - 2023-05-01 13:16:36 --> 
ERROR - 2023-05-01 13:20:00 --> Email: sendWithSmtp throwed ErrorException: fsockopen(): Unable to connect to smtp.gmail.com:587 (Connection timed out) in /var/www/htdocs/queryS/system/Email/Email.php:1863
Stack trace:
#0 [internal function]: CodeIgniter\Debug\Exceptions->errorHandler()
#1 /var/www/htdocs/queryS/system/Email/Email.php(1863): fsockopen()
#2 /var/www/htdocs/queryS/system/Email/Email.php(1782): CodeIgniter\Email\Email->SMTPConnect()
#3 /var/www/htdocs/queryS/system/Email/Email.php(1667): CodeIgniter\Email\Email->sendWithSmtp()
#4 /var/www/htdocs/queryS/system/Email/Email.php(1565): CodeIgniter\Email\Email->spoolEmail()
#5 /var/www/htdocs/queryS/app/Controllers/Signup.php(59): CodeIgniter\Email\Email->send()
#6 /var/www/htdocs/queryS/app/Controllers/Signup.php(37): App\Controllers\Signup->send_verification_email()
#7 /var/www/htdocs/queryS/system/CodeIgniter.php(934): App\Controllers\Signup->index()
#8 /var/www/htdocs/queryS/system/CodeIgniter.php(499): CodeIgniter\CodeIgniter->runController()
#9 /var/www/htdocs/queryS/system/CodeIgniter.php(368): CodeIgniter\CodeIgniter->handleRequest()
#10 /var/www/htdocs/queryS/public/index.php(67): CodeIgniter\CodeIgniter->run()
#11 {main}
ERROR - 2023-05-01 13:20:00 --> Email: Unable to send email using SMTP. Your server might not be configured to send mail using this method.
ERROR - 2023-05-01 13:20:00 --> 
ERROR - 2023-05-01 13:26:51 --> Email: sendWithSmtp throwed ErrorException: fsockopen(): Unable to connect to smtp.gmail.com:587 (Connection timed out) in /var/www/htdocs/queryS/system/Email/Email.php:1863
Stack trace:
#0 [internal function]: CodeIgniter\Debug\Exceptions->errorHandler()
#1 /var/www/htdocs/queryS/system/Email/Email.php(1863): fsockopen()
#2 /var/www/htdocs/queryS/system/Email/Email.php(1782): CodeIgniter\Email\Email->SMTPConnect()
#3 /var/www/htdocs/queryS/system/Email/Email.php(1667): CodeIgniter\Email\Email->sendWithSmtp()
#4 /var/www/htdocs/queryS/system/Email/Email.php(1565): CodeIgniter\Email\Email->spoolEmail()
#5 /var/www/htdocs/queryS/app/Controllers/Signup.php(59): CodeIgniter\Email\Email->send()
#6 /var/www/htdocs/queryS/app/Controllers/Signup.php(37): App\Controllers\Signup->send_verification_email()
#7 /var/www/htdocs/queryS/system/CodeIgniter.php(934): App\Controllers\Signup->index()
#8 /var/www/htdocs/queryS/system/CodeIgniter.php(499): CodeIgniter\CodeIgniter->runController()
#9 /var/www/htdocs/queryS/system/CodeIgniter.php(368): CodeIgniter\CodeIgniter->handleRequest()
#10 /var/www/htdocs/queryS/public/index.php(67): CodeIgniter\CodeIgniter->run()
#11 {main}
ERROR - 2023-05-01 13:26:51 --> Email: Unable to send email using SMTP. Your server might not be configured to send mail using this method.
ERROR - 2023-05-01 13:26:51 --> 
ERROR - 2023-05-01 13:30:51 --> Email: Unable to send email using PHP mail(). Your server might not be configured to send mail using this method.
ERROR - 2023-05-01 13:30:51 --> 
ERROR - 2023-05-01 13:34:13 --> Email: sendWithSmtp throwed ErrorException: fsockopen(): Unable to connect to ssl://smtp.googlemail.com:587 (Connection timed out) in /var/www/htdocs/queryS/system/Email/Email.php:1863
Stack trace:
#0 [internal function]: CodeIgniter\Debug\Exceptions->errorHandler()
#1 /var/www/htdocs/queryS/system/Email/Email.php(1863): fsockopen()
#2 /var/www/htdocs/queryS/system/Email/Email.php(1782): CodeIgniter\Email\Email->SMTPConnect()
#3 /var/www/htdocs/queryS/system/Email/Email.php(1667): CodeIgniter\Email\Email->sendWithSmtp()
#4 /var/www/htdocs/queryS/system/Email/Email.php(1565): CodeIgniter\Email\Email->spoolEmail()
#5 /var/www/htdocs/queryS/app/Controllers/Signup.php(59): CodeIgniter\Email\Email->send()
#6 /var/www/htdocs/queryS/app/Controllers/Signup.php(37): App\Controllers\Signup->send_verification_email()
#7 /var/www/htdocs/queryS/system/CodeIgniter.php(934): App\Controllers\Signup->index()
#8 /var/www/htdocs/queryS/system/CodeIgniter.php(499): CodeIgniter\CodeIgniter->runController()
#9 /var/www/htdocs/queryS/system/CodeIgniter.php(368): CodeIgniter\CodeIgniter->handleRequest()
#10 /var/www/htdocs/queryS/public/index.php(67): CodeIgniter\CodeIgniter->run()
#11 {main}
ERROR - 2023-05-01 13:34:13 --> Email: Unable to send email using SMTP. Your server might not be configured to send mail using this method.
ERROR - 2023-05-01 13:34:13 --> 
ERROR - 2023-05-01 13:35:28 --> Email: sendWithSmtp throwed ErrorException: fsockopen(): php_network_getaddresses: getaddrinfo for ssl failed: Name or service not known in /var/www/htdocs/queryS/system/Email/Email.php:1863
Stack trace:
#0 [internal function]: CodeIgniter\Debug\Exceptions->errorHandler()
#1 /var/www/htdocs/queryS/system/Email/Email.php(1863): fsockopen()
#2 /var/www/htdocs/queryS/system/Email/Email.php(1782): CodeIgniter\Email\Email->SMTPConnect()
#3 /var/www/htdocs/queryS/system/Email/Email.php(1667): CodeIgniter\Email\Email->sendWithSmtp()
#4 /var/www/htdocs/queryS/system/Email/Email.php(1565): CodeIgniter\Email\Email->spoolEmail()
#5 /var/www/htdocs/queryS/app/Controllers/Signup.php(59): CodeIgniter\Email\Email->send()
#6 /var/www/htdocs/queryS/app/Controllers/Signup.php(37): App\Controllers\Signup->send_verification_email()
#7 /var/www/htdocs/queryS/system/CodeIgniter.php(934): App\Controllers\Signup->index()
#8 /var/www/htdocs/queryS/system/CodeIgniter.php(499): CodeIgniter\CodeIgniter->runController()
#9 /var/www/htdocs/queryS/system/CodeIgniter.php(368): CodeIgniter\CodeIgniter->handleRequest()
#10 /var/www/htdocs/queryS/public/index.php(67): CodeIgniter\CodeIgniter->run()
#11 {main}
ERROR - 2023-05-01 13:35:28 --> Email: Unable to send email using SMTP. Your server might not be configured to send mail using this method.
ERROR - 2023-05-01 13:35:28 --> 
ERROR - 2023-05-01 13:44:28 --> Email: Unable to send email using SMTP. Your server might not be configured to send mail using this method.
ERROR - 2023-05-01 13:44:28 --> 220 mailhub.eait.uq.edu.au ESMTP Sendmail 8.15.1/8.15.1; Mon, 1 May 2023 23:44:28 +1000 (AEST)

hello: 250-mailhub.eait.uq.edu.au Hello infs3202-60a6cb75.zones.eait.uq.edu.au [172.23.81.220], pleased to meet you
250-ENHANCEDSTATUSCODES
250-PIPELINING
250-8BITMIME
250-SIZE 67108864
250-DSN
250-ETRN
250-STARTTLS
250-DELIVERBY
250 HELP

Failed to send AUTH LOGIN command. Error: 500 5.5.1 Command unrecognized: "AUTH LOGIN"

