CRITICAL - 2023-05-18 13:23:28 --> Undefined variable $topics_list
in APPPATH/Views/new_topic.php on line 22.
 1 APPPATH/Views/new_topic.php(22): CodeIgniter\Debug\Exceptions->errorHandler()
 2 SYSTEMPATH/View/View.php(213): include('APPPATH/Views/new_topic.php')
 3 SYSTEMPATH/View/View.php(216): CodeIgniter\View\View->CodeIgniter\View\{closure}()
 4 SYSTEMPATH/Common.php(1184): CodeIgniter\View\View->render()
 5 APPPATH/Controllers/New_topic.php(17): view()
 6 SYSTEMPATH/CodeIgniter.php(934): App\Controllers\New_topic->new_topic()
 7 SYSTEMPATH/CodeIgniter.php(499): CodeIgniter\CodeIgniter->runController()
 8 SYSTEMPATH/CodeIgniter.php(368): CodeIgniter\CodeIgniter->handleRequest()
 9 FCPATH/index.php(67): CodeIgniter\CodeIgniter->run()
CRITICAL - 2023-05-18 13:25:04 --> Object of class stdClass could not be converted to string
in APPPATH/Views/new_topic.php on line 22.
 1 SYSTEMPATH/View/View.php(213): include()
 2 SYSTEMPATH/View/View.php(216): CodeIgniter\View\View->CodeIgniter\View\{closure}()
 3 SYSTEMPATH/Common.php(1184): CodeIgniter\View\View->render()
 4 APPPATH/Controllers/New_topic.php(24): view()
 5 SYSTEMPATH/CodeIgniter.php(934): App\Controllers\New_topic->new_topic()
 6 SYSTEMPATH/CodeIgniter.php(499): CodeIgniter\CodeIgniter->runController()
 7 SYSTEMPATH/CodeIgniter.php(368): CodeIgniter\CodeIgniter->handleRequest()
 8 FCPATH/index.php(67): CodeIgniter\CodeIgniter->run()
CRITICAL - 2023-05-18 13:32:51 --> Array to string conversion
in APPPATH/Views/new_topic.php on line 22.
 1 APPPATH/Views/new_topic.php(22): CodeIgniter\Debug\Exceptions->errorHandler()
 2 SYSTEMPATH/View/View.php(213): include('APPPATH/Views/new_topic.php')
 3 SYSTEMPATH/View/View.php(216): CodeIgniter\View\View->CodeIgniter\View\{closure}()
 4 SYSTEMPATH/Common.php(1184): CodeIgniter\View\View->render()
 5 APPPATH/Controllers/New_topic.php(24): view()
 6 SYSTEMPATH/CodeIgniter.php(934): App\Controllers\New_topic->new_topic()
 7 SYSTEMPATH/CodeIgniter.php(499): CodeIgniter\CodeIgniter->runController()
 8 SYSTEMPATH/CodeIgniter.php(368): CodeIgniter\CodeIgniter->handleRequest()
 9 FCPATH/index.php(67): CodeIgniter\CodeIgniter->run()
CRITICAL - 2023-05-18 13:38:33 --> Array to string conversion
in APPPATH/Views/new_topic.php on line 22.
 1 APPPATH/Views/new_topic.php(22): CodeIgniter\Debug\Exceptions->errorHandler()
 2 SYSTEMPATH/View/View.php(213): include('APPPATH/Views/new_topic.php')
 3 SYSTEMPATH/View/View.php(216): CodeIgniter\View\View->CodeIgniter\View\{closure}()
 4 SYSTEMPATH/Common.php(1184): CodeIgniter\View\View->render()
 5 APPPATH/Controllers/New_topic.php(24): view()
 6 SYSTEMPATH/CodeIgniter.php(934): App\Controllers\New_topic->new_topic()
 7 SYSTEMPATH/CodeIgniter.php(499): CodeIgniter\CodeIgniter->runController()
 8 SYSTEMPATH/CodeIgniter.php(368): CodeIgniter\CodeIgniter->handleRequest()
 9 FCPATH/index.php(67): CodeIgniter\CodeIgniter->run()
CRITICAL - 2023-05-18 13:57:40 --> Undefined variable $topics_list
in APPPATH/Views/user_home.php on line 62.
 1 APPPATH/Views/user_home.php(62): CodeIgniter\Debug\Exceptions->errorHandler()
 2 SYSTEMPATH/View/View.php(213): include('APPPATH/Views/user_home.php')
 3 SYSTEMPATH/View/View.php(216): CodeIgniter\View\View->CodeIgniter\View\{closure}()
 4 SYSTEMPATH/Common.php(1184): CodeIgniter\View\View->render()
 5 APPPATH/Controllers/New_topic.php(23): view()
 6 SYSTEMPATH/CodeIgniter.php(934): App\Controllers\New_topic->new_topic()
 7 SYSTEMPATH/CodeIgniter.php(499): CodeIgniter\CodeIgniter->runController()
 8 SYSTEMPATH/CodeIgniter.php(368): CodeIgniter\CodeIgniter->handleRequest()
 9 FCPATH/index.php(67): CodeIgniter\CodeIgniter->run()
CRITICAL - 2023-05-18 14:42:18 --> Undefined variable $post
in APPPATH/Views/posts.php on line 1.
 1 APPPATH/Views/posts.php(1): CodeIgniter\Debug\Exceptions->errorHandler()
 2 SYSTEMPATH/View/View.php(213): include('APPPATH/Views/posts.php')
 3 SYSTEMPATH/View/View.php(216): CodeIgniter\View\View->CodeIgniter\View\{closure}()
 4 SYSTEMPATH/Common.php(1184): CodeIgniter\View\View->render()
 5 APPPATH/Controllers/Posts.php(28): view()
 6 SYSTEMPATH/CodeIgniter.php(934): App\Controllers\Posts->view_posts()
 7 SYSTEMPATH/CodeIgniter.php(499): CodeIgniter\CodeIgniter->runController()
 8 SYSTEMPATH/CodeIgniter.php(368): CodeIgniter\CodeIgniter->handleRequest()
 9 FCPATH/index.php(67): CodeIgniter\CodeIgniter->run()
CRITICAL - 2023-05-18 14:43:37 --> Undefined variable $post
in APPPATH/Views/posts.php on line 1.
 1 APPPATH/Views/posts.php(1): CodeIgniter\Debug\Exceptions->errorHandler()
 2 SYSTEMPATH/View/View.php(213): include('APPPATH/Views/posts.php')
 3 SYSTEMPATH/View/View.php(216): CodeIgniter\View\View->CodeIgniter\View\{closure}()
 4 SYSTEMPATH/Common.php(1184): CodeIgniter\View\View->render()
 5 APPPATH/Controllers/Posts.php(27): view()
 6 SYSTEMPATH/CodeIgniter.php(934): App\Controllers\Posts->view_posts()
 7 SYSTEMPATH/CodeIgniter.php(499): CodeIgniter\CodeIgniter->runController()
 8 SYSTEMPATH/CodeIgniter.php(368): CodeIgniter\CodeIgniter->handleRequest()
 9 FCPATH/index.php(67): CodeIgniter\CodeIgniter->run()
CRITICAL - 2023-05-18 15:01:58 --> Invalid file: "topic.php"
in SYSTEMPATH/Exceptions/FrameworkException.php on line 33.
 1 SYSTEMPATH/View/View.php(201): CodeIgniter\Exceptions\FrameworkException::forInvalidFile()
 2 SYSTEMPATH/Common.php(1184): CodeIgniter\View\View->render()
 3 APPPATH/Controllers/Posts.php(28): view()
 4 SYSTEMPATH/CodeIgniter.php(934): App\Controllers\Posts->view_posts()
 5 SYSTEMPATH/CodeIgniter.php(499): CodeIgniter\CodeIgniter->runController()
 6 SYSTEMPATH/CodeIgniter.php(368): CodeIgniter\CodeIgniter->handleRequest()
 7 FCPATH/index.php(67): CodeIgniter\CodeIgniter->run()
CRITICAL - 2023-05-18 15:46:16 --> form_input(): Argument #2 ($value) must be of type string, stdClass given, called in /var/www/htdocs/queryS/system/Helpers/form_helper.php on line 123
in SYSTEMPATH/Helpers/form_helper.php on line 143.
 1 SYSTEMPATH/Helpers/form_helper.php(123): form_input()
 2 SYSTEMPATH/Helpers/form_helper.php(127): form_hidden()
 3 SYSTEMPATH/Helpers/form_helper.php(67): form_hidden()
 4 APPPATH/Views/new_topic.php(28): form_open()
 5 SYSTEMPATH/View/View.php(213): include('APPPATH/Views/new_topic.php')
 6 SYSTEMPATH/View/View.php(216): CodeIgniter\View\View->CodeIgniter\View\{closure}()
 7 SYSTEMPATH/Common.php(1184): CodeIgniter\View\View->render()
 8 APPPATH/Controllers/New_topic.php(24): view()
 9 SYSTEMPATH/CodeIgniter.php(934): App\Controllers\New_topic->new_topic()
10 SYSTEMPATH/CodeIgniter.php(499): CodeIgniter\CodeIgniter->runController()
11 SYSTEMPATH/CodeIgniter.php(368): CodeIgniter\CodeIgniter->handleRequest()
12 FCPATH/index.php(67): CodeIgniter\CodeIgniter->run()
CRITICAL - 2023-05-18 15:48:57 --> form_input(): Argument #2 ($value) must be of type string, null given, called in /var/www/htdocs/queryS/system/Helpers/form_helper.php on line 123
in SYSTEMPATH/Helpers/form_helper.php on line 143.
 1 SYSTEMPATH/Helpers/form_helper.php(123): form_input()
 2 SYSTEMPATH/Helpers/form_helper.php(67): form_hidden()
 3 APPPATH/Views/posts.php(8): form_open()
 4 SYSTEMPATH/View/View.php(213): include('APPPATH/Views/posts.php')
 5 SYSTEMPATH/View/View.php(216): CodeIgniter\View\View->CodeIgniter\View\{closure}()
 6 SYSTEMPATH/Common.php(1184): CodeIgniter\View\View->render()
 7 APPPATH/Controllers/Posts.php(29): view()
 8 SYSTEMPATH/CodeIgniter.php(934): App\Controllers\Posts->view_posts()
 9 SYSTEMPATH/CodeIgniter.php(499): CodeIgniter\CodeIgniter->runController()
10 SYSTEMPATH/CodeIgniter.php(368): CodeIgniter\CodeIgniter->handleRequest()
11 FCPATH/index.php(67): CodeIgniter\CodeIgniter->run()
CRITICAL - 2023-05-18 15:52:00 --> form_input(): Argument #2 ($value) must be of type string, null given, called in /var/www/htdocs/queryS/system/Helpers/form_helper.php on line 123
in SYSTEMPATH/Helpers/form_helper.php on line 143.
 1 SYSTEMPATH/Helpers/form_helper.php(123): form_input()
 2 SYSTEMPATH/Helpers/form_helper.php(67): form_hidden()
 3 APPPATH/Views/posts.php(8): form_open()
 4 SYSTEMPATH/View/View.php(213): include('APPPATH/Views/posts.php')
 5 SYSTEMPATH/View/View.php(216): CodeIgniter\View\View->CodeIgniter\View\{closure}()
 6 SYSTEMPATH/Common.php(1184): CodeIgniter\View\View->render()
 7 APPPATH/Controllers/Posts.php(29): view()
 8 SYSTEMPATH/CodeIgniter.php(934): App\Controllers\Posts->view_posts()
 9 SYSTEMPATH/CodeIgniter.php(499): CodeIgniter\CodeIgniter->runController()
10 SYSTEMPATH/CodeIgniter.php(368): CodeIgniter\CodeIgniter->handleRequest()
11 FCPATH/index.php(67): CodeIgniter\CodeIgniter->run()
CRITICAL - 2023-05-18 15:54:57 --> form_input(): Argument #2 ($value) must be of type string, null given, called in /var/www/htdocs/queryS/system/Helpers/form_helper.php on line 123
in SYSTEMPATH/Helpers/form_helper.php on line 143.
 1 SYSTEMPATH/Helpers/form_helper.php(123): form_input()
 2 SYSTEMPATH/Helpers/form_helper.php(67): form_hidden()
 3 APPPATH/Views/posts.php(8): form_open()
 4 SYSTEMPATH/View/View.php(213): include('APPPATH/Views/posts.php')
 5 SYSTEMPATH/View/View.php(216): CodeIgniter\View\View->CodeIgniter\View\{closure}()
 6 SYSTEMPATH/Common.php(1184): CodeIgniter\View\View->render()
 7 APPPATH/Controllers/Posts.php(29): view()
 8 SYSTEMPATH/CodeIgniter.php(934): App\Controllers\Posts->view_posts()
 9 SYSTEMPATH/CodeIgniter.php(499): CodeIgniter\CodeIgniter->runController()
10 SYSTEMPATH/CodeIgniter.php(368): CodeIgniter\CodeIgniter->handleRequest()
11 FCPATH/index.php(67): CodeIgniter\CodeIgniter->run()
CRITICAL - 2023-05-18 15:57:30 --> form_input(): Argument #2 ($value) must be of type string, null given, called in /var/www/htdocs/queryS/system/Helpers/form_helper.php on line 123
in SYSTEMPATH/Helpers/form_helper.php on line 143.
 1 SYSTEMPATH/Helpers/form_helper.php(123): form_input()
 2 SYSTEMPATH/Helpers/form_helper.php(67): form_hidden()
 3 APPPATH/Views/posts.php(8): form_open()
 4 SYSTEMPATH/View/View.php(213): include('APPPATH/Views/posts.php')
 5 SYSTEMPATH/View/View.php(216): CodeIgniter\View\View->CodeIgniter\View\{closure}()
 6 SYSTEMPATH/Common.php(1184): CodeIgniter\View\View->render()
 7 APPPATH/Controllers/Posts.php(30): view()
 8 SYSTEMPATH/CodeIgniter.php(934): App\Controllers\Posts->view_posts()
 9 SYSTEMPATH/CodeIgniter.php(499): CodeIgniter\CodeIgniter->runController()
10 SYSTEMPATH/CodeIgniter.php(368): CodeIgniter\CodeIgniter->handleRequest()
11 FCPATH/index.php(67): CodeIgniter\CodeIgniter->run()
ERROR - 2023-05-18 16:02:10 --> mysqli_sql_exception: Unknown column 'created_at' in 'field list' in /var/www/htdocs/queryS/system/Database/MySQLi/Connection.php:295
Stack trace:
#0 /var/www/htdocs/queryS/system/Database/MySQLi/Connection.php(295): mysqli->query()
#1 /var/www/htdocs/queryS/system/Database/BaseConnection.php(691): CodeIgniter\Database\MySQLi\Connection->execute()
#2 /var/www/htdocs/queryS/system/Database/BaseConnection.php(605): CodeIgniter\Database\BaseConnection->simpleQuery()
#3 /var/www/htdocs/queryS/system/Database/BaseBuilder.php(2309): CodeIgniter\Database\BaseConnection->query()
#4 /var/www/htdocs/queryS/app/Models/Posts.php(19): CodeIgniter\Database\BaseBuilder->insert()
#5 /var/www/htdocs/queryS/app/Controllers/Posts.php(53): App\Models\Posts_model->add_post()
#6 /var/www/htdocs/queryS/system/CodeIgniter.php(934): App\Controllers\Posts->add_new_post()
#7 /var/www/htdocs/queryS/system/CodeIgniter.php(499): CodeIgniter\CodeIgniter->runController()
#8 /var/www/htdocs/queryS/system/CodeIgniter.php(368): CodeIgniter\CodeIgniter->handleRequest()
#9 /var/www/htdocs/queryS/public/index.php(67): CodeIgniter\CodeIgniter->run()
#10 {main}
CRITICAL - 2023-05-18 16:02:10 --> Unknown column 'created_at' in 'field list'
in SYSTEMPATH/Database/BaseConnection.php on line 645.
 1 SYSTEMPATH/Database/BaseBuilder.php(2309): CodeIgniter\Database\BaseConnection->query()
 2 APPPATH/Models/Posts.php(19): CodeIgniter\Database\BaseBuilder->insert()
 3 APPPATH/Controllers/Posts.php(53): App\Models\Posts_model->add_post()
 4 SYSTEMPATH/CodeIgniter.php(934): App\Controllers\Posts->add_new_post()
 5 SYSTEMPATH/CodeIgniter.php(499): CodeIgniter\CodeIgniter->runController()
 6 SYSTEMPATH/CodeIgniter.php(368): CodeIgniter\CodeIgniter->handleRequest()
 7 FCPATH/index.php(67): CodeIgniter\CodeIgniter->run()
CRITICAL - 2023-05-18 16:03:23 --> Undefined variable $topic_name
in APPPATH/Views/posts.php on line 2.
 1 APPPATH/Views/posts.php(2): CodeIgniter\Debug\Exceptions->errorHandler()
 2 SYSTEMPATH/View/View.php(213): include('APPPATH/Views/posts.php')
 3 SYSTEMPATH/View/View.php(216): CodeIgniter\View\View->CodeIgniter\View\{closure}()
 4 SYSTEMPATH/Common.php(1184): CodeIgniter\View\View->render()
 5 APPPATH/Controllers/Posts.php(69): view()
 6 SYSTEMPATH/CodeIgniter.php(934): App\Controllers\Posts->add_new_post()
 7 SYSTEMPATH/CodeIgniter.php(499): CodeIgniter\CodeIgniter->runController()
 8 SYSTEMPATH/CodeIgniter.php(368): CodeIgniter\CodeIgniter->handleRequest()
 9 FCPATH/index.php(67): CodeIgniter\CodeIgniter->run()
CRITICAL - 2023-05-18 16:09:09 --> Undefined variable $posts_list
in APPPATH/Views/posts.php on line 18.
 1 APPPATH/Views/posts.php(18): CodeIgniter\Debug\Exceptions->errorHandler()
 2 SYSTEMPATH/View/View.php(213): include('APPPATH/Views/posts.php')
 3 SYSTEMPATH/View/View.php(216): CodeIgniter\View\View->CodeIgniter\View\{closure}()
 4 SYSTEMPATH/Common.php(1184): CodeIgniter\View\View->render()
 5 APPPATH/Controllers/Posts.php(30): view()
 6 SYSTEMPATH/CodeIgniter.php(934): App\Controllers\Posts->view_posts()
 7 SYSTEMPATH/CodeIgniter.php(499): CodeIgniter\CodeIgniter->runController()
 8 SYSTEMPATH/CodeIgniter.php(368): CodeIgniter\CodeIgniter->handleRequest()
 9 FCPATH/index.php(67): CodeIgniter\CodeIgniter->run()
